<?xml version="1.0" encoding="UTF-8"?>
<!-- Generated by org.testng.reporters.JUnitXMLReporter -->
<testsuite ignored="1" hostname="Sameer_Archana" failures="0" tests="1" name="Surefire test" time="16.505" errors="0" timestamp="2024-03-20T16:27:43 IST">
  <testcase classname="com.mystore.testcases.TC1_SignUpPageTest" name="verifyLogin" time="13.418"/>
  <testcase classname="com.mystore.testcases.TC1_SignUpPageTest" name="verifyRegistrationLogin" time="0.0">
    <ignored/>
  </testcase> <!-- verifyRegistrationLogin -->
</testsuite> <!-- Surefire test -->
