<?xml version="1.0" encoding="UTF-8"?>
<testng-results ignored="1" total="2" passed="1" failed="0" skipped="0">
  <reporter-output>
  </reporter-output>
  <suite started-at="2024-03-20T16:27:27 IST" name="Surefire suite" finished-at="2024-03-20T16:27:43 IST" duration-ms="16505">
    <groups>
    </groups>
    <test started-at="2024-03-20T16:27:27 IST" name="Surefire test" finished-at="2024-03-20T16:27:43 IST" duration-ms="16505">
      <class name="com.mystore.testcases.TC1_SignUpPageTest">
        <test-method is-config="true" signature="setup()[pri:0, instance:com.mystore.testcases.TC1_SignUpPageTest@37918c79]" started-at="2024-03-20T16:27:27 IST" name="setup" finished-at="2024-03-20T16:27:30 IST" duration-ms="2733" status="PASS">
          <reporter-output>
          </reporter-output>
        </test-method> <!-- setup -->
        <test-method signature="verifyLogin()[pri:0, instance:com.mystore.testcases.TC1_SignUpPageTest@37918c79]" started-at="2024-03-20T16:27:30 IST" name="verifyLogin" finished-at="2024-03-20T16:27:43 IST" duration-ms="13418" status="PASS">
          <reporter-output>
          </reporter-output>
        </test-method> <!-- verifyLogin -->
        <test-method is-config="true" signature="tearDown()[pri:0, instance:com.mystore.testcases.TC1_SignUpPageTest@37918c79]" started-at="2024-03-20T16:27:43 IST" name="tearDown" finished-at="2024-03-20T16:27:43 IST" duration-ms="318" status="PASS">
          <reporter-output>
          </reporter-output>
        </test-method> <!-- tearDown -->
      </class> <!-- com.mystore.testcases.TC1_SignUpPageTest -->
    </test> <!-- Surefire test -->
  </suite> <!-- Surefire suite -->
</testng-results>
