<?xml version="1.0" encoding="UTF-8"?>
<testsuite xmlns:xsi="http://www.w3.org/2001/XMLSchema-instance" xsi:noNamespaceSchemaLocation="https://maven.apache.org/surefire/maven-surefire-plugin/xsd/surefire-test-report-3.0.xsd" version="3.0" name="com.mystore.testcases.TC1_SignUpPageTest" time="16.908" tests="1" errors="0" skipped="0" failures="0">
  <properties>
[...]
</properties>
  <testcase name="verifyLogin" classname="com.mystore.testcases.TC1_SignUpPageTest" time="13.421">
    <system-out><![CDATA[[DEBUG] 2024-03-20 16:27:28.457 [main] InternalLoggerFactory - Using Log4J2 as the default logging framework
[DEBUG] 2024-03-20 16:27:28.465 [main] ResourceLeakDetector - -Dio.netty.leakDetection.level: simple
[DEBUG] 2024-03-20 16:27:28.465 [main] ResourceLeakDetector - -Dio.netty.leakDetection.targetRecords: 4
[DEBUG] 2024-03-20 16:27:28.469 [main] ResourceLeakDetectorFactory - Loaded default ResourceLeakDetector: io.netty.util.ResourceLeakDetector@1d3e6d34
[DEBUG] 2024-03-20 16:27:28.491 [main] PlatformDependent0 - -Dio.netty.noUnsafe: false
[DEBUG] 2024-03-20 16:27:28.491 [main] PlatformDependent0 - Java version: 17
[DEBUG] 2024-03-20 16:27:28.492 [main] PlatformDependent0 - sun.misc.Unsafe.theUnsafe: available
[DEBUG] 2024-03-20 16:27:28.493 [main] PlatformDependent0 - sun.misc.Unsafe.copyMemory: available
[DEBUG] 2024-03-20 16:27:28.493 [main] PlatformDependent0 - sun.misc.Unsafe.storeFence: available
[DEBUG] 2024-03-20 16:27:28.494 [main] PlatformDependent0 - java.nio.Buffer.address: available
[DEBUG] 2024-03-20 16:27:28.495 [main] PlatformDependent0 - direct buffer constructor: unavailable: Reflective setAccessible(true) disabled
[DEBUG] 2024-03-20 16:27:28.496 [main] PlatformDependent0 - java.nio.Bits.unaligned: available, true
[DEBUG] 2024-03-20 16:27:28.498 [main] PlatformDependent0 - jdk.internal.misc.Unsafe.allocateUninitializedArray(int): unavailable: class io.netty.util.internal.PlatformDependent0$7 cannot access class jdk.internal.misc.Unsafe (in module java.base) because module java.base does not export jdk.internal.misc to unnamed module @ba8d91c
[DEBUG] 2024-03-20 16:27:28.499 [main] PlatformDependent0 - java.nio.DirectByteBuffer.<init>(long, int): unavailable
[DEBUG] 2024-03-20 16:27:28.499 [main] PlatformDependent - sun.misc.Unsafe: available
[DEBUG] 2024-03-20 16:27:28.500 [main] PlatformDependent - maxDirectMemory: 4219469824 bytes (maybe)
[DEBUG] 2024-03-20 16:27:28.500 [main] PlatformDependent - -Dio.netty.tmpdir: C:\Users\samee\AppData\Local\Temp (java.io.tmpdir)
[DEBUG] 2024-03-20 16:27:28.500 [main] PlatformDependent - -Dio.netty.bitMode: 64 (sun.arch.data.model)
[DEBUG] 2024-03-20 16:27:28.501 [main] PlatformDependent - Platform: Windows
[DEBUG] 2024-03-20 16:27:28.502 [main] PlatformDependent - -Dio.netty.maxDirectMemory: -1 bytes
[DEBUG] 2024-03-20 16:27:28.502 [main] PlatformDependent - -Dio.netty.uninitializedArrayAllocationThreshold: -1
[DEBUG] 2024-03-20 16:27:28.504 [main] CleanerJava9 - java.nio.ByteBuffer.cleaner(): available
[DEBUG] 2024-03-20 16:27:28.504 [main] PlatformDependent - -Dio.netty.noPreferDirect: false
[DEBUG] 2024-03-20 16:27:28.512 [main] PlatformDependent - org.jctools-core.MpscChunkedArrayQueue: available
[DEBUG] 2024-03-20 16:27:28.539 [main] InternalThreadLocalMap - -Dio.netty.threadLocalMap.stringBuilder.initialSize: 1024
[DEBUG] 2024-03-20 16:27:28.539 [main] InternalThreadLocalMap - -Dio.netty.threadLocalMap.stringBuilder.maxSize: 4096
[DEBUG] 2024-03-20 16:27:28.588 [main] JdkSslContext - Default protocols (JDK): [TLSv1.3, TLSv1.2] 
[DEBUG] 2024-03-20 16:27:28.589 [main] JdkSslContext - Default cipher suites (JDK): [TLS_ECDHE_ECDSA_WITH_AES_256_GCM_SHA384, TLS_ECDHE_ECDSA_WITH_AES_128_GCM_SHA256, TLS_ECDHE_RSA_WITH_AES_128_GCM_SHA256, TLS_ECDHE_RSA_WITH_AES_256_GCM_SHA384, TLS_ECDHE_RSA_WITH_AES_128_CBC_SHA, TLS_ECDHE_RSA_WITH_AES_256_CBC_SHA, TLS_RSA_WITH_AES_128_GCM_SHA256, TLS_RSA_WITH_AES_128_CBC_SHA, TLS_RSA_WITH_AES_256_CBC_SHA, TLS_AES_128_GCM_SHA256, TLS_AES_256_GCM_SHA384]
[DEBUG] 2024-03-20 16:27:28.601 [main] GlobalEventExecutor - -Dio.netty.globalEventExecutor.quietPeriodSeconds: 1
[DEBUG] 2024-03-20 16:27:28.618 [main] MultithreadEventLoopGroup - -Dio.netty.eventLoopThreads: 24
[DEBUG] 2024-03-20 16:27:28.631 [main] NioEventLoop - -Dio.netty.noKeySetOptimization: false
[DEBUG] 2024-03-20 16:27:28.632 [main] NioEventLoop - -Dio.netty.selectorAutoRebuildThreshold: 512
[DEBUG] 2024-03-20 16:27:28.746 [main] PooledByteBufAllocator - -Dio.netty.allocator.numHeapArenas: 24
[DEBUG] 2024-03-20 16:27:28.746 [main] PooledByteBufAllocator - -Dio.netty.allocator.numDirectArenas: 24
[DEBUG] 2024-03-20 16:27:28.747 [main] PooledByteBufAllocator - -Dio.netty.allocator.pageSize: 8192
[DEBUG] 2024-03-20 16:27:28.747 [main] PooledByteBufAllocator - -Dio.netty.allocator.maxOrder: 9
[DEBUG] 2024-03-20 16:27:28.747 [main] PooledByteBufAllocator - -Dio.netty.allocator.chunkSize: 4194304
[DEBUG] 2024-03-20 16:27:28.747 [main] PooledByteBufAllocator - -Dio.netty.allocator.smallCacheSize: 256
[DEBUG] 2024-03-20 16:27:28.747 [main] PooledByteBufAllocator - -Dio.netty.allocator.normalCacheSize: 64
[DEBUG] 2024-03-20 16:27:28.747 [main] PooledByteBufAllocator - -Dio.netty.allocator.maxCachedBufferCapacity: 32768
[DEBUG] 2024-03-20 16:27:28.747 [main] PooledByteBufAllocator - -Dio.netty.allocator.cacheTrimInterval: 8192
[DEBUG] 2024-03-20 16:27:28.748 [main] PooledByteBufAllocator - -Dio.netty.allocator.cacheTrimIntervalMillis: 0
[DEBUG] 2024-03-20 16:27:28.748 [main] PooledByteBufAllocator - -Dio.netty.allocator.useCacheForAllThreads: false
[DEBUG] 2024-03-20 16:27:28.748 [main] PooledByteBufAllocator - -Dio.netty.allocator.maxCachedByteBuffersPerChunk: 1023
[DEBUG] 2024-03-20 16:27:28.763 [main] ByteBufUtil - -Dio.netty.allocator.type: pooled
[DEBUG] 2024-03-20 16:27:28.763 [main] ByteBufUtil - -Dio.netty.threadLocalDirectBufferSize: 0
[DEBUG] 2024-03-20 16:27:28.763 [main] ByteBufUtil - -Dio.netty.maxThreadLocalCharBufferSize: 16384
[DEBUG] 2024-03-20 16:27:29.101 [Forwarding newSession on session null to remote] DefaultChannelId - -Dio.netty.processId: 10556 (auto-detected)
[DEBUG] 2024-03-20 16:27:29.104 [Forwarding newSession on session null to remote] NetUtil - -Djava.net.preferIPv4Stack: false
[DEBUG] 2024-03-20 16:27:29.104 [Forwarding newSession on session null to remote] NetUtil - -Djava.net.preferIPv6Addresses: false
[DEBUG] 2024-03-20 16:27:29.118 [Forwarding newSession on session null to remote] NetUtilInitializations - Loopback interface: lo (Software Loopback Interface 1, 127.0.0.1)
[DEBUG] 2024-03-20 16:27:29.119 [Forwarding newSession on session null to remote] NetUtil - Failed to get SOMAXCONN from sysctl and file \proc\sys\net\core\somaxconn. Default: 200
[DEBUG] 2024-03-20 16:27:29.135 [Forwarding newSession on session null to remote] DefaultChannelId - -Dio.netty.machineId: bc:03:58:ff:fe:c0:82:c6 (auto-detected)
[DEBUG] 2024-03-20 16:27:29.177 [AsyncHttpClient-1-2] AbstractByteBuf - -Dio.netty.buffer.checkAccessible: true
[DEBUG] 2024-03-20 16:27:29.177 [AsyncHttpClient-1-2] AbstractByteBuf - -Dio.netty.buffer.checkBounds: true
[DEBUG] 2024-03-20 16:27:29.177 [AsyncHttpClient-1-2] ResourceLeakDetectorFactory - Loaded default ResourceLeakDetector: io.netty.util.ResourceLeakDetector@504632d9
[DEBUG] 2024-03-20 16:27:29.198 [AsyncHttpClient-1-2] Recycler - -Dio.netty.recycler.maxCapacityPerThread: 4096
[DEBUG] 2024-03-20 16:27:29.199 [AsyncHttpClient-1-2] Recycler - -Dio.netty.recycler.ratio: 8
[DEBUG] 2024-03-20 16:27:29.199 [AsyncHttpClient-1-2] Recycler - -Dio.netty.recycler.chunkSize: 32
[DEBUG] 2024-03-20 16:27:29.199 [AsyncHttpClient-1-2] Recycler - -Dio.netty.recycler.blocking: false
[DEBUG] 2024-03-20 16:27:29.199 [AsyncHttpClient-1-2] Recycler - -Dio.netty.recycler.batchFastThreadLocalOnly: true
[DEBUG] 2024-03-20 16:27:29.974 [AsyncHttpClient-1-2] Brotli - brotli4j not in the classpath; Brotli support will be unavailable.
[DEBUG] 2024-03-20 16:27:30.086 [main] ThreadLocalRandom - -Dio.netty.initialSeedUniquifier: 0x16d415b8b84c3edc
[INFO ] 2024-03-20 16:27:36.470 [main] MyStoreV1 - url opened
[INFO ] 2024-03-20 16:27:36.470 [main] MyStoreV1 - verifyLogin TC execution started
[INFO ] 2024-03-20 16:27:38.772 [main] MyStoreV1 - Clicked on signup/login 
[INFO ] 2024-03-20 16:27:38.986 [main] MyStoreV1 - Email entered 
[INFO ] 2024-03-20 16:27:39.106 [main] MyStoreV1 - Password entered 
[INFO ] 2024-03-20 16:27:43.570 [main] MyStoreV1 -  UserNamesam4560
[INFO ] 2024-03-20 16:27:43.571 [main] MyStoreV1 -  verifyLogin---Passed 
]]></system-out>
    <system-err><![CDATA[SLF4J(W): No SLF4J providers were found.
SLF4J(W): Defaulting to no-operation (NOP) logger implementation
SLF4J(W): See https://www.slf4j.org/codes.html#noProviders for further details.
Mar 20, 2024 4:27:27 PM org.openqa.selenium.remote.service.DriverService$Builder getLogOutput
INFO: Driver logs no longer sent to console by default; https://www.selenium.dev/documentation/webdriver/drivers/service/#setting-log-output
Mar 20, 2024 4:27:30 PM org.openqa.selenium.devtools.CdpVersionFinder findNearestMatch
WARNING: Unable to find CDP implementation matching 122
Mar 20, 2024 4:27:30 PM org.openqa.selenium.chromium.ChromiumDriver lambda$new$4
WARNING: Unable to find version of CDP to use for . You may need to include a dependency on a specific version of the CDP using something similar to `org.seleniumhq.selenium:selenium-devtools-v86:4.10.0` where the version ("v86") matches the version of the chromium-based browser you're using and the version number of the artifact is the same as Selenium's.
]]></system-err>
  </testcase>
</testsuite>