<?xml version="1.0" encoding="UTF-8"?>
<testng-results ignored="1" total="2" passed="1" failed="0" skipped="0">
  <reporter-output>
  </reporter-output>
  <suite started-at="2024-03-20T16:35:51 IST" name="Suite" finished-at="2024-03-20T16:36:07 IST" duration-ms="16274">
    <groups>
    </groups>
    <test started-at="2024-03-20T16:35:51 IST" name="Test" finished-at="2024-03-20T16:36:07 IST" duration-ms="16274">
      <class name="com.mystore.testcases.TC1_SignUpPageTest">
        <test-method is-config="true" signature="setup()[pri:0, instance:com.mystore.testcases.TC1_SignUpPageTest@2a65fe7c]" started-at="2024-03-20T16:35:51 IST" name="setup" finished-at="2024-03-20T16:35:54 IST" duration-ms="2394" status="PASS">
          <reporter-output>
          </reporter-output>
        </test-method> <!-- setup -->
        <test-method signature="verifyLogin()[pri:0, instance:com.mystore.testcases.TC1_SignUpPageTest@2a65fe7c]" started-at="2024-03-20T16:35:54 IST" name="verifyLogin" finished-at="2024-03-20T16:36:07 IST" duration-ms="13328" status="PASS">
          <reporter-output>
          </reporter-output>
        </test-method> <!-- verifyLogin -->
        <test-method is-config="true" signature="tearDown()[pri:0, instance:com.mystore.testcases.TC1_SignUpPageTest@2a65fe7c]" started-at="2024-03-20T16:36:07 IST" name="tearDown" finished-at="2024-03-20T16:36:07 IST" duration-ms="279" status="PASS">
          <reporter-output>
          </reporter-output>
        </test-method> <!-- tearDown -->
      </class> <!-- com.mystore.testcases.TC1_SignUpPageTest -->
    </test> <!-- Test -->
  </suite> <!-- Suite -->
</testng-results>
